{"C:\\Carpetas\\Carreras Facultad de Informatica\\T. Programador Full Stack\\Despliegue I\\Node.js\\numeros-romanos-Santiago-Marranti\\api\\romanos.js": {"path":"C:\\Carpetas\\Carreras Facultad de Informatica\\T. Programador Full Stack\\Despliegue I\\Node.js\\numeros-romanos-Santiago-Marranti\\api\\romanos.js","statementMap":{"0":{"start":{"line":1,"column":17},"end":{"line":1,"column":35}},"1":{"start":{"line":2,"column":12},"end":{"line":2,"column":21}},"2":{"start":{"line":3,"column":13},"end":{"line":3,"column":37}},"3":{"start":{"line":6,"column":0},"end":{"line":18,"column":3}},"4":{"start":{"line":7,"column":26},"end":{"line":7,"column":41}},"5":{"start":{"line":8,"column":2},"end":{"line":10,"column":3}},"6":{"start":{"line":9,"column":4},"end":{"line":9,"column":73}},"7":{"start":{"line":12,"column":26},"end":{"line":12,"column":56}},"8":{"start":{"line":13,"column":2},"end":{"line":15,"column":3}},"9":{"start":{"line":14,"column":4},"end":{"line":14,"column":73}},"10":{"start":{"line":17,"column":2},"end":{"line":17,"column":47}},"11":{"start":{"line":21,"column":0},"end":{"line":33,"column":3}},"12":{"start":{"line":22,"column":26},"end":{"line":22,"column":56}},"13":{"start":{"line":23,"column":2},"end":{"line":25,"column":3}},"14":{"start":{"line":24,"column":4},"end":{"line":24,"column":74}},"15":{"start":{"line":27,"column":26},"end":{"line":27,"column":56}},"16":{"start":{"line":28,"column":2},"end":{"line":30,"column":3}},"17":{"start":{"line":29,"column":4},"end":{"line":29,"column":74}},"18":{"start":{"line":32,"column":2},"end":{"line":32,"column":56}},"19":{"start":{"line":36,"column":18},"end":{"line":44,"column":3}},"20":{"start":{"line":46,"column":15},"end":{"line":46,"column":16}},"21":{"start":{"line":48,"column":2},"end":{"line":59,"column":3}},"22":{"start":{"line":48,"column":15},"end":{"line":48,"column":16}},"23":{"start":{"line":49,"column":19},"end":{"line":49,"column":36}},"24":{"start":{"line":50,"column":22},"end":{"line":50,"column":43}},"25":{"start":{"line":53,"column":4},"end":{"line":58,"column":5}},"26":{"start":{"line":54,"column":6},"end":{"line":54,"column":37}},"27":{"start":{"line":55,"column":6},"end":{"line":55,"column":10}},"28":{"start":{"line":57,"column":6},"end":{"line":57,"column":23}},"29":{"start":{"line":61,"column":2},"end":{"line":61,"column":16}},"30":{"start":{"line":67,"column":2},"end":{"line":69,"column":3}},"31":{"start":{"line":68,"column":4},"end":{"line":68,"column":14}},"32":{"start":{"line":71,"column":12},"end":{"line":71,"column":28}},"33":{"start":{"line":74,"column":2},"end":{"line":76,"column":3}},"34":{"start":{"line":75,"column":4},"end":{"line":75,"column":14}},"35":{"start":{"line":78,"column":18},"end":{"line":92,"column":3}},"36":{"start":{"line":94,"column":14},"end":{"line":94,"column":16}},"37":{"start":{"line":96,"column":2},"end":{"line":101,"column":3}},"38":{"start":{"line":96,"column":15},"end":{"line":96,"column":16}},"39":{"start":{"line":97,"column":4},"end":{"line":100,"column":5}},"40":{"start":{"line":98,"column":6},"end":{"line":98,"column":34}},"41":{"start":{"line":99,"column":6},"end":{"line":99,"column":30}},"42":{"start":{"line":103,"column":2},"end":{"line":103,"column":15}},"43":{"start":{"line":106,"column":0},"end":{"line":110,"column":1}},"44":{"start":{"line":107,"column":2},"end":{"line":109,"column":5}},"45":{"start":{"line":108,"column":4},"end":{"line":108,"column":71}},"46":{"start":{"line":114,"column":0},"end":{"line":118,"column":2}},"47":{"start":{"line":115,"column":25},"end":{"line":115,"column":38}}},"fnMap":{"0":{"name":"(anonymous_0)","decl":{"start":{"line":6,"column":16},"end":{"line":6,"column":17}},"loc":{"start":{"line":6,"column":30},"end":{"line":18,"column":1}},"line":6},"1":{"name":"(anonymous_1)","decl":{"start":{"line":21,"column":16},"end":{"line":21,"column":17}},"loc":{"start":{"line":21,"column":30},"end":{"line":33,"column":1}},"line":21},"2":{"name":"romanToArabic","decl":{"start":{"line":35,"column":9},"end":{"line":35,"column":22}},"loc":{"start":{"line":35,"column":30},"end":{"line":62,"column":1}},"line":35},"3":{"name":"arabicToRoman","decl":{"start":{"line":64,"column":9},"end":{"line":64,"column":22}},"loc":{"start":{"line":64,"column":31},"end":{"line":104,"column":1}},"line":64},"4":{"name":"(anonymous_4)","decl":{"start":{"line":107,"column":19},"end":{"line":107,"column":20}},"loc":{"start":{"line":107,"column":25},"end":{"line":109,"column":3}},"line":107},"5":{"name":"(anonymous_5)","decl":{"start":{"line":115,"column":11},"end":{"line":115,"column":12}},"loc":{"start":{"line":115,"column":25},"end":{"line":115,"column":38}},"line":115}},"branchMap":{"0":{"loc":{"start":{"line":3,"column":13},"end":{"line":3,"column":37}},"type":"binary-expr","locations":[{"start":{"line":3,"column":13},"end":{"line":3,"column":29}},{"start":{"line":3,"column":33},"end":{"line":3,"column":37}}],"line":3},"1":{"loc":{"start":{"line":8,"column":2},"end":{"line":10,"column":3}},"type":"if","locations":[{"start":{"line":8,"column":2},"end":{"line":10,"column":3}},{"start":{},"end":{}}],"line":8},"2":{"loc":{"start":{"line":13,"column":2},"end":{"line":15,"column":3}},"type":"if","locations":[{"start":{"line":13,"column":2},"end":{"line":15,"column":3}},{"start":{},"end":{}}],"line":13},"3":{"loc":{"start":{"line":23,"column":2},"end":{"line":25,"column":3}},"type":"if","locations":[{"start":{"line":23,"column":2},"end":{"line":25,"column":3}},{"start":{},"end":{}}],"line":23},"4":{"loc":{"start":{"line":28,"column":2},"end":{"line":30,"column":3}},"type":"if","locations":[{"start":{"line":28,"column":2},"end":{"line":30,"column":3}},{"start":{},"end":{}}],"line":28},"5":{"loc":{"start":{"line":53,"column":4},"end":{"line":58,"column":5}},"type":"if","locations":[{"start":{"line":53,"column":4},"end":{"line":58,"column":5}},{"start":{"line":56,"column":11},"end":{"line":58,"column":5}}],"line":53},"6":{"loc":{"start":{"line":53,"column":8},"end":{"line":53,"column":39}},"type":"binary-expr","locations":[{"start":{"line":53,"column":8},"end":{"line":53,"column":17}},{"start":{"line":53,"column":21},"end":{"line":53,"column":39}}],"line":53},"7":{"loc":{"start":{"line":67,"column":2},"end":{"line":69,"column":3}},"type":"if","locations":[{"start":{"line":67,"column":2},"end":{"line":69,"column":3}},{"start":{},"end":{}}],"line":67},"8":{"loc":{"start":{"line":74,"column":2},"end":{"line":76,"column":3}},"type":"if","locations":[{"start":{"line":74,"column":2},"end":{"line":76,"column":3}},{"start":{},"end":{}}],"line":74},"9":{"loc":{"start":{"line":106,"column":0},"end":{"line":110,"column":1}},"type":"if","locations":[{"start":{"line":106,"column":0},"end":{"line":110,"column":1}},{"start":{},"end":{}}],"line":106}},"s":{"0":1,"1":1,"2":1,"3":1,"4":0,"5":0,"6":0,"7":0,"8":0,"9":0,"10":0,"11":1,"12":0,"13":0,"14":0,"15":0,"16":0,"17":0,"18":0,"19":0,"20":0,"21":0,"22":0,"23":0,"24":0,"25":0,"26":0,"27":0,"28":0,"29":0,"30":5,"31":1,"32":4,"33":4,"34":2,"35":2,"36":2,"37":2,"38":2,"39":26,"40":11,"41":11,"42":2,"43":1,"44":0,"45":0,"46":1,"47":0},"f":{"0":0,"1":0,"2":0,"3":5,"4":0,"5":0},"b":{"0":[1,1],"1":[0,0],"2":[0,0],"3":[0,0],"4":[0,0],"5":[0,0],"6":[0,0],"7":[1,4],"8":[2,2],"9":[0,1]},"_coverageSchema":"1a1c01bbd47fc00a2c39e90264f33305004495a9","hash":"5198cdaf88ee09361a69b154b3c8dd6fbba30a97"}
}
