{"C:\\Carpetas\\Carreras Facultad de Informatica\\T. Programador Full Stack\\Despliegue I\\Node.js\\numeros-romanos-Santiago-Marranti\\api\\romanos.js": {"path":"C:\\Carpetas\\Carreras Facultad de Informatica\\T. Programador Full Stack\\Despliegue I\\Node.js\\numeros-romanos-Santiago-Marranti\\api\\romanos.js","statementMap":{"0":{"start":{"line":1,"column":17},"end":{"line":1,"column":35}},"1":{"start":{"line":2,"column":12},"end":{"line":2,"column":21}},"2":{"start":{"line":3,"column":13},"end":{"line":3,"column":37}},"3":{"start":{"line":6,"column":0},"end":{"line":19,"column":3}},"4":{"start":{"line":7,"column":19},"end":{"line":7,"column":34}},"5":{"start":{"line":10,"column":2},"end":{"line":18,"column":3}},"6":{"start":{"line":11,"column":25},"end":{"line":11,"column":48}},"7":{"start":{"line":13,"column":4},"end":{"line":13,"column":46}},"8":{"start":{"line":17,"column":4},"end":{"line":17,"column":55}},"9":{"start":{"line":22,"column":0},"end":{"line":36,"column":3}},"10":{"start":{"line":25,"column":2},"end":{"line":34,"column":3}},"11":{"start":{"line":26,"column":22},"end":{"line":26,"column":38}},"12":{"start":{"line":28,"column":28},"end":{"line":28,"column":52}},"13":{"start":{"line":30,"column":4},"end":{"line":30,"column":47}},"14":{"start":{"line":33,"column":4},"end":{"line":33,"column":48}},"15":{"start":{"line":40,"column":2},"end":{"line":42,"column":3}},"16":{"start":{"line":41,"column":4},"end":{"line":41,"column":59}},"17":{"start":{"line":44,"column":2},"end":{"line":44,"column":30}},"18":{"start":{"line":47,"column":2},"end":{"line":49,"column":3}},"19":{"start":{"line":48,"column":4},"end":{"line":48,"column":71}},"20":{"start":{"line":52,"column":2},"end":{"line":54,"column":3}},"21":{"start":{"line":53,"column":4},"end":{"line":53,"column":67}},"22":{"start":{"line":56,"column":2},"end":{"line":58,"column":3}},"23":{"start":{"line":57,"column":4},"end":{"line":57,"column":78}},"24":{"start":{"line":61,"column":2},"end":{"line":63,"column":3}},"25":{"start":{"line":62,"column":4},"end":{"line":62,"column":47}},"26":{"start":{"line":65,"column":18},"end":{"line":73,"column":3}},"27":{"start":{"line":75,"column":15},"end":{"line":75,"column":16}},"28":{"start":{"line":77,"column":2},"end":{"line":87,"column":3}},"29":{"start":{"line":77,"column":15},"end":{"line":77,"column":16}},"30":{"start":{"line":78,"column":19},"end":{"line":78,"column":36}},"31":{"start":{"line":79,"column":22},"end":{"line":79,"column":43}},"32":{"start":{"line":81,"column":4},"end":{"line":86,"column":5}},"33":{"start":{"line":82,"column":6},"end":{"line":82,"column":35}},"34":{"start":{"line":83,"column":6},"end":{"line":83,"column":10}},"35":{"start":{"line":85,"column":6},"end":{"line":85,"column":23}},"36":{"start":{"line":89,"column":2},"end":{"line":89,"column":16}},"37":{"start":{"line":97,"column":2},"end":{"line":99,"column":3}},"38":{"start":{"line":98,"column":4},"end":{"line":98,"column":49}},"39":{"start":{"line":101,"column":2},"end":{"line":103,"column":3}},"40":{"start":{"line":102,"column":4},"end":{"line":102,"column":52}},"41":{"start":{"line":105,"column":12},"end":{"line":105,"column":28}},"42":{"start":{"line":108,"column":2},"end":{"line":110,"column":3}},"43":{"start":{"line":109,"column":4},"end":{"line":109,"column":93}},"44":{"start":{"line":113,"column":2},"end":{"line":115,"column":3}},"45":{"start":{"line":114,"column":4},"end":{"line":114,"column":72}},"46":{"start":{"line":117,"column":18},"end":{"line":131,"column":3}},"47":{"start":{"line":133,"column":14},"end":{"line":133,"column":16}},"48":{"start":{"line":135,"column":2},"end":{"line":140,"column":3}},"49":{"start":{"line":135,"column":15},"end":{"line":135,"column":16}},"50":{"start":{"line":136,"column":4},"end":{"line":139,"column":5}},"51":{"start":{"line":137,"column":6},"end":{"line":137,"column":34}},"52":{"start":{"line":138,"column":6},"end":{"line":138,"column":30}},"53":{"start":{"line":142,"column":2},"end":{"line":142,"column":15}},"54":{"start":{"line":145,"column":0},"end":{"line":149,"column":1}},"55":{"start":{"line":146,"column":2},"end":{"line":148,"column":5}},"56":{"start":{"line":147,"column":4},"end":{"line":147,"column":71}},"57":{"start":{"line":153,"column":2},"end":{"line":153,"column":15}},"58":{"start":{"line":156,"column":0},"end":{"line":156,"column":25}},"59":{"start":{"line":157,"column":0},"end":{"line":157,"column":45}},"60":{"start":{"line":158,"column":0},"end":{"line":158,"column":45}}},"fnMap":{"0":{"name":"(anonymous_0)","decl":{"start":{"line":6,"column":16},"end":{"line":6,"column":17}},"loc":{"start":{"line":6,"column":30},"end":{"line":19,"column":1}},"line":6},"1":{"name":"(anonymous_1)","decl":{"start":{"line":22,"column":16},"end":{"line":22,"column":17}},"loc":{"start":{"line":22,"column":30},"end":{"line":36,"column":1}},"line":22},"2":{"name":"romanToArabic","decl":{"start":{"line":39,"column":9},"end":{"line":39,"column":22}},"loc":{"start":{"line":39,"column":30},"end":{"line":90,"column":1}},"line":39},"3":{"name":"arabicToRoman","decl":{"start":{"line":93,"column":9},"end":{"line":93,"column":22}},"loc":{"start":{"line":93,"column":31},"end":{"line":143,"column":1}},"line":93},"4":{"name":"(anonymous_4)","decl":{"start":{"line":146,"column":19},"end":{"line":146,"column":20}},"loc":{"start":{"line":146,"column":25},"end":{"line":148,"column":3}},"line":146},"5":{"name":"handler","decl":{"start":{"line":152,"column":9},"end":{"line":152,"column":16}},"loc":{"start":{"line":152,"column":26},"end":{"line":154,"column":1}},"line":152}},"branchMap":{"0":{"loc":{"start":{"line":3,"column":13},"end":{"line":3,"column":37}},"type":"binary-expr","locations":[{"start":{"line":3,"column":13},"end":{"line":3,"column":29}},{"start":{"line":3,"column":33},"end":{"line":3,"column":37}}],"line":3},"1":{"loc":{"start":{"line":40,"column":2},"end":{"line":42,"column":3}},"type":"if","locations":[{"start":{"line":40,"column":2},"end":{"line":42,"column":3}},{"start":{},"end":{}}],"line":40},"2":{"loc":{"start":{"line":40,"column":6},"end":{"line":40,"column":53}},"type":"binary-expr","locations":[{"start":{"line":40,"column":6},"end":{"line":40,"column":31}},{"start":{"line":40,"column":35},"end":{"line":40,"column":53}}],"line":40},"3":{"loc":{"start":{"line":47,"column":2},"end":{"line":49,"column":3}},"type":"if","locations":[{"start":{"line":47,"column":2},"end":{"line":49,"column":3}},{"start":{},"end":{}}],"line":47},"4":{"loc":{"start":{"line":52,"column":2},"end":{"line":54,"column":3}},"type":"if","locations":[{"start":{"line":52,"column":2},"end":{"line":54,"column":3}},{"start":{},"end":{}}],"line":52},"5":{"loc":{"start":{"line":56,"column":2},"end":{"line":58,"column":3}},"type":"if","locations":[{"start":{"line":56,"column":2},"end":{"line":58,"column":3}},{"start":{},"end":{}}],"line":56},"6":{"loc":{"start":{"line":61,"column":2},"end":{"line":63,"column":3}},"type":"if","locations":[{"start":{"line":61,"column":2},"end":{"line":63,"column":3}},{"start":{},"end":{}}],"line":61},"7":{"loc":{"start":{"line":81,"column":4},"end":{"line":86,"column":5}},"type":"if","locations":[{"start":{"line":81,"column":4},"end":{"line":86,"column":5}},{"start":{"line":84,"column":11},"end":{"line":86,"column":5}}],"line":81},"8":{"loc":{"start":{"line":81,"column":8},"end":{"line":81,"column":39}},"type":"binary-expr","locations":[{"start":{"line":81,"column":8},"end":{"line":81,"column":17}},{"start":{"line":81,"column":21},"end":{"line":81,"column":39}}],"line":81},"9":{"loc":{"start":{"line":97,"column":2},"end":{"line":99,"column":3}},"type":"if","locations":[{"start":{"line":97,"column":2},"end":{"line":99,"column":3}},{"start":{},"end":{}}],"line":97},"10":{"loc":{"start":{"line":101,"column":2},"end":{"line":103,"column":3}},"type":"if","locations":[{"start":{"line":101,"column":2},"end":{"line":103,"column":3}},{"start":{},"end":{}}],"line":101},"11":{"loc":{"start":{"line":108,"column":2},"end":{"line":110,"column":3}},"type":"if","locations":[{"start":{"line":108,"column":2},"end":{"line":110,"column":3}},{"start":{},"end":{}}],"line":108},"12":{"loc":{"start":{"line":113,"column":2},"end":{"line":115,"column":3}},"type":"if","locations":[{"start":{"line":113,"column":2},"end":{"line":115,"column":3}},{"start":{},"end":{}}],"line":113},"13":{"loc":{"start":{"line":145,"column":0},"end":{"line":149,"column":1}},"type":"if","locations":[{"start":{"line":145,"column":0},"end":{"line":149,"column":1}},{"start":{},"end":{}}],"line":145}},"s":{"0":1,"1":1,"2":1,"3":1,"4":0,"5":0,"6":0,"7":0,"8":0,"9":1,"10":0,"11":0,"12":0,"13":0,"14":0,"15":27,"16":1,"17":26,"18":26,"19":1,"20":25,"21":1,"22":24,"23":6,"24":18,"25":15,"26":3,"27":3,"28":3,"29":3,"30":6,"31":6,"32":6,"33":0,"34":0,"35":6,"36":3,"37":8,"38":2,"39":6,"40":1,"41":5,"42":5,"43":2,"44":3,"45":1,"46":2,"47":2,"48":2,"49":2,"50":26,"51":11,"52":11,"53":2,"54":1,"55":0,"56":0,"57":0,"58":1,"59":1,"60":1},"f":{"0":0,"1":0,"2":27,"3":8,"4":0,"5":0},"b":{"0":[1,1],"1":[1,26],"2":[27,27],"3":[1,25],"4":[1,24],"5":[6,18],"6":[15,3],"7":[0,6],"8":[6,3],"9":[2,6],"10":[1,5],"11":[2,3],"12":[1,2],"13":[0,1]},"_coverageSchema":"1a1c01bbd47fc00a2c39e90264f33305004495a9","hash":"a51c9490f17f047e61c3c21b99577ec3f9877665"}
}
