TN:
SF:api\romanos.js
FN:6,(anonymous_0)
FN:21,(anonymous_1)
FN:35,romanToArabic
FN:64,arabicToRoman
FN:107,(anonymous_4)
FN:115,(anonymous_5)
FNF:6
FNH:1
FNDA:0,(anonymous_0)
FNDA:0,(anonymous_1)
FNDA:0,romanToArabic
FNDA:5,arabicToRoman
FNDA:0,(anonymous_4)
FNDA:0,(anonymous_5)
DA:1,1
DA:2,1
DA:3,1
DA:6,1
DA:7,0
DA:8,0
DA:9,0
DA:12,0
DA:13,0
DA:14,0
DA:17,0
DA:21,1
DA:22,0
DA:23,0
DA:24,0
DA:27,0
DA:28,0
DA:29,0
DA:32,0
DA:36,0
DA:46,0
DA:48,0
DA:49,0
DA:50,0
DA:53,0
DA:54,0
DA:55,0
DA:57,0
DA:61,0
DA:67,5
DA:68,1
DA:71,4
DA:74,4
DA:75,2
DA:78,2
DA:94,2
DA:96,2
DA:97,26
DA:98,11
DA:99,11
DA:103,2
DA:106,1
DA:107,0
DA:108,0
DA:114,1
DA:115,0
LF:46
LH:19
BRDA:3,0,0,1
BRDA:3,0,1,1
BRDA:8,1,0,0
BRDA:8,1,1,0
BRDA:13,2,0,0
BRDA:13,2,1,0
BRDA:23,3,0,0
BRDA:23,3,1,0
BRDA:28,4,0,0
BRDA:28,4,1,0
BRDA:53,5,0,0
BRDA:53,5,1,0
BRDA:53,6,0,0
BRDA:53,6,1,0
BRDA:67,7,0,1
BRDA:67,7,1,4
BRDA:74,8,0,2
BRDA:74,8,1,2
BRDA:106,9,0,0
BRDA:106,9,1,1
BRF:20
BRH:7
end_of_record
