TN:
SF:api\romanos.js
FN:6,(anonymous_0)
FN:22,(anonymous_1)
FN:39,romanToArabic
FN:93,arabicToRoman
FN:146,(anonymous_4)
FN:152,handler
FNF:6
FNH:2
FNDA:0,(anonymous_0)
FNDA:0,(anonymous_1)
FNDA:27,romanToArabic
FNDA:8,arabicToRoman
FNDA:0,(anonymous_4)
FNDA:0,handler
DA:1,1
DA:2,1
DA:3,1
DA:6,1
DA:7,0
DA:10,0
DA:11,0
DA:13,0
DA:17,0
DA:22,1
DA:25,0
DA:26,0
DA:28,0
DA:30,0
DA:33,0
DA:40,27
DA:41,1
DA:44,26
DA:47,26
DA:48,1
DA:52,25
DA:53,1
DA:56,24
DA:57,6
DA:61,18
DA:62,15
DA:65,3
DA:75,3
DA:77,3
DA:78,6
DA:79,6
DA:81,6
DA:82,0
DA:83,0
DA:85,6
DA:89,3
DA:97,8
DA:98,2
DA:101,6
DA:102,1
DA:105,5
DA:108,5
DA:109,2
DA:113,3
DA:114,1
DA:117,2
DA:133,2
DA:135,2
DA:136,26
DA:137,11
DA:138,11
DA:142,2
DA:145,1
DA:146,0
DA:147,0
DA:153,0
DA:156,1
DA:157,1
DA:158,1
LF:59
LH:44
BRDA:3,0,0,1
BRDA:3,0,1,1
BRDA:40,1,0,1
BRDA:40,1,1,26
BRDA:40,2,0,27
BRDA:40,2,1,27
BRDA:47,3,0,1
BRDA:47,3,1,25
BRDA:52,4,0,1
BRDA:52,4,1,24
BRDA:56,5,0,6
BRDA:56,5,1,18
BRDA:61,6,0,15
BRDA:61,6,1,3
BRDA:81,7,0,0
BRDA:81,7,1,6
BRDA:81,8,0,6
BRDA:81,8,1,3
BRDA:97,9,0,2
BRDA:97,9,1,6
BRDA:101,10,0,1
BRDA:101,10,1,5
BRDA:108,11,0,2
BRDA:108,11,1,3
BRDA:113,12,0,1
BRDA:113,12,1,2
BRDA:145,13,0,0
BRDA:145,13,1,1
BRF:28
BRH:26
end_of_record
